
*** Running xst
    with args -ifn "mux.xst" -ofn "mux.srp" -intstyle ise

Reading design: mux.prj

=========================================================================
*                          HDL Compilation                              *
=========================================================================
Compiling vhdl file "G:/MyDesigns/VHDL Xilinx/Mux/Mux.srcs/sources_1/imports/mux.vhd" in Library work.
Entity <mux> compiled.
Entity <mux> (Architecture <mux>) compiled.

=========================================================================
*                     Design Hierarchy Analysis                         *
=========================================================================
Analyzing hierarchy for entity <mux> in library <work> (architecture <mux>).


=========================================================================
*                            HDL Analysis                               *
=========================================================================
Analyzing Entity <mux> in library <work> (Architecture <mux>).
Entity <mux> analyzed. Unit <mux> generated.


=========================================================================
*                           HDL Synthesis                               *
=========================================================================

Performing bidirectional port resolution...

Synthesizing Unit <mux>.
    Related source file is "G:/MyDesigns/VHDL Xilinx/Mux/Mux.srcs/sources_1/imports/mux.vhd".
Unit <mux> synthesized.


=========================================================================
HDL Synthesis Report

Found no macro
=========================================================================

=========================================================================
*                       Advanced HDL Synthesis                          *
=========================================================================


=========================================================================
Advanced HDL Synthesis Report

Found no macro
=========================================================================

=========================================================================
*                         Low Level Synthesis                           *
=========================================================================

Optimizing unit <mux> ...

Mapping all equations...
Building and optimizing final netlist ...

Final Macro Processing ...

=========================================================================
Final Register Report

Found no macro
=========================================================================

=========================================================================
*                           Partition Report                            *
=========================================================================

Partition Implementation Status
-------------------------------

  No Partitions were found in this design.

-------------------------------

=========================================================================
*                            Final Report                               *
=========================================================================

Clock Information:
------------------
No clock signals found in this design

Asynchronous Control Signals Information:
----------------------------------------
No asynchronous control signals found in this design

Timing Summary:
---------------
Speed Grade: -1

   Minimum period: No path found
   Minimum input arrival time before clock: No path found
   Maximum output required time after clock: No path found
   Maximum combinational path delay: 4.769ns

=========================================================================
