#:C0     
#Xilinx FPGA Editor Command Log File
#Editor Version:
#:V   NT M2.1 M.81d
#Current Working Directory:
#:D   C:\Users\ANSHAY\AppData\Roaming\HDI
#Date/Time:
#:T   Thu Jun 19 12:52:01 2014
#------------------------------
	#Reading G:\MyDesigns\VHDL Xilinx\Mux\Mux.runs\impl_1\mux_routed.ncd...
	#Loading device for application Rf_Device from file '5vfx30t.nph' in environment C:\Xilinx\12.4\ISE_DS\ISE\.
	#   "mux" is an NCD, version 3.2, device xc5vfx30t, package ff665, speed -1
	#Design creation date: 2014.06.19.07.19.52
	#Building chip graphics...
	#Loading speed info...
	#1
setattr main edit-mode no-logic-changes
	#2
unselect -all
	#3
select site 'PCIE_X0Y0'
	#site "PCIE_X0Y0",  type = PCIE  (RPM grid X205Y20)
	#4
unselect -all
	#5
select site 'SLICE_X74Y22'
	#site "SLICE_X74Y22",  type = SLICEL  (RPM grid X201Y44)
